{
  "RSpec": {
    "coverage": {
      "/home/saswat/csce606/CSCE606_Fall2025_Project3_Group6/app/helpers/application_helper.rb": {
        "lines": [
          1,
          null
        ],
        "branches": {}
      },
      "/home/saswat/csce606/CSCE606_Fall2025_Project3_Group6/app/helpers/home_helper.rb": {
        "lines": [
          1,
          null
        ],
        "branches": {}
      },
      "/home/saswat/csce606/CSCE606_Fall2025_Project3_Group6/app/controllers/movies_controller.rb": {
        "lines": [
          1,
          1,
          null,
          1,
          12,
          12,
          12,
          12,
          12,
          null,
          12,
          9,
          null,
          9,
          null,
          9,
          1,
          1,
          1,
          1,
          null,
          8,
          8,
          8,
          8,
          null,
          null,
          8,
          null,
          8,
          null,
          null,
          8,
          null,
          null,
          3,
          3,
          3,
          3,
          null,
          null,
          null,
          12,
          12,
          null,
          null,
          1,
          6,
          null,
          null,
          6,
          4,
          4,
          3,
          3,
          null,
          1,
          1,
          null,
          null,
          null,
          6,
          null,
          6,
          null,
          5,
          5,
          0,
          null,
          5,
          5,
          null,
          null,
          null,
          5,
          5,
          null,
          null,
          5,
          null,
          null,
          null,
          1,
          2,
          null,
          2,
          1,
          1,
          null,
          null,
          1,
          1,
          null,
          null,
          1,
          null,
          1,
          20,
          null,
          null,
          1,
          8,
          null,
          null,
          8,
          1,
          1,
          1,
          1,
          1,
          null,
          null,
          null,
          null,
          null,
          8,
          1,
          1,
          1,
          null,
          1,
          null,
          0,
          null,
          1,
          1,
          null,
          null,
          null,
          8,
          null,
          null,
          1,
          8,
          null,
          12,
          null,
          2,
          null,
          1,
          1,
          1,
          null,
          1,
          null,
          0,
          null,
          null,
          0,
          null,
          null,
          null,
          0,
          null,
          null,
          null,
          1,
          13,
          13,
          null,
          null,
          null,
          1,
          3,
          null,
          null,
          3,
          3,
          3,
          3,
          3,
          null,
          null,
          null,
          null,
          3,
          3,
          null,
          null,
          3,
          3,
          3,
          null,
          null,
          null,
          null,
          3,
          null,
          null,
          null,
          null,
          null,
          null,
          null,
          null,
          null,
          3,
          6,
          3,
          3,
          null,
          null,
          null,
          null,
          3,
          null,
          null,
          null,
          null,
          null,
          null,
          null,
          null,
          null
        ],
        "branches": {
          "[:\"&.\", 0, 5, 13, 5, 34]": {
            "[:then, 1, 5, 13, 5, 34]": 9,
            "[:else, 2, 5, 13, 5, 34]": 3
          },
          "[:\"&.\", 3, 6, 12, 6, 31]": {
            "[:then, 4, 6, 12, 6, 31]": 0,
            "[:else, 5, 6, 12, 6, 31]": 12
          },
          "[:\"&.\", 6, 7, 20, 7, 49]": {
            "[:then, 7, 7, 20, 7, 49]": 1,
            "[:else, 8, 7, 20, 7, 49]": 11
          },
          "[:\"&.\", 9, 8, 21, 8, 51]": {
            "[:then, 10, 8, 21, 8, 51]": 1,
            "[:else, 11, 8, 21, 8, 51]": 11
          },
          "[:if, 12, 11, 4, 40, 7]": {
            "[:then, 13, 12, 6, 34, 9]": 9,
            "[:else, 14, 36, 6, 39, 18]": 3
          },
          "[:if, 15, 16, 6, 34, 9]": {
            "[:then, 16, 17, 8, 20, 26]": 1,
            "[:else, 17, 22, 8, 33, 34]": 8
          },
          "[:\"&.\", 18, 51, 11, 51, 26]": {
            "[:then, 19, 51, 11, 51, 26]": 2,
            "[:else, 20, 51, 11, 51, 26]": 4
          },
          "[:unless, 21, 51, 4, 60, 7]": {
            "[:else, 22, 51, 4, 60, 7]": 2,
            "[:then, 23, 52, 6, 59, 9]": 4
          },
          "[:if, 24, 53, 6, 59, 9]": {
            "[:then, 25, 54, 8, 55, 45]": 3,
            "[:else, 26, 57, 8, 58, 34]": 1
          },
          "[:if, 27, 64, 4, 80, 7]": {
            "[:then, 28, 66, 6, 79, 26]": 5,
            "[:else, 29, 64, 4, 80, 7]": 1
          },
          "[:if, 30, 67, 6, 72, 9]": {
            "[:then, 31, 68, 8, 68, 38]": 0,
            "[:else, 32, 70, 8, 71, 74]": 5
          },
          "[:if, 33, 71, 8, 71, 74]": {
            "[:then, 34, 71, 8, 71, 42]": 5,
            "[:else, 35, 71, 8, 71, 74]": 0
          },
          "[:if, 36, 75, 19, 75, 67]": {
            "[:then, 37, 75, 47, 75, 55]": 0,
            "[:else, 38, 75, 58, 75, 67]": 5
          },
          "[:\"&.\", 39, 84, 12, 84, 33]": {
            "[:then, 40, 84, 12, 84, 33]": 2,
            "[:else, 41, 84, 12, 84, 33]": 0
          },
          "[:if, 42, 86, 4, 89, 7]": {
            "[:then, 43, 87, 6, 88, 12]": 1,
            "[:else, 44, 86, 4, 89, 7]": 1
          },
          "[:if, 45, 105, 4, 113, 7]": {
            "[:then, 46, 106, 6, 112, 9]": 1,
            "[:else, 47, 105, 4, 113, 7]": 7
          },
          "[:if, 48, 107, 6, 112, 9]": {
            "[:then, 49, 108, 8, 111, 11]": 1,
            "[:else, 50, 107, 6, 112, 9]": 0
          },
          "[:if, 51, 116, 4, 128, 7]": {
            "[:then, 52, 117, 8, 127, 11]": 1,
            "[:else, 53, 116, 4, 128, 7]": 7
          },
          "[:unless, 54, 119, 10, 119, 40]": {
            "[:else, 55, 119, 10, 119, 40]": 1,
            "[:then, 56, 119, 10, 119, 20]": 0
          },
          "[:unless, 57, 125, 10, 125, 32]": {
            "[:else, 58, 125, 10, 125, 32]": 1,
            "[:then, 59, 125, 10, 125, 20]": 0
          },
          "[:case, 60, 134, 4, 154, 7]": {
            "[:when, 61, 136, 6, 136, 52]": 6,
            "[:when, 62, 138, 6, 138, 54]": 1,
            "[:when, 63, 140, 6, 151, 17]": 1,
            "[:else, 64, 153, 6, 153, 12]": 0
          },
          "[:if, 65, 142, 8, 150, 11]": {
            "[:then, 66, 143, 10, 147, 13]": 1,
            "[:else, 67, 149, 10, 149, 30]": 0
          },
          "[:unless, 68, 164, 4, 164, 36]": {
            "[:else, 69, 164, 4, 164, 36]": 3,
            "[:then, 70, 164, 4, 164, 10]": 0
          },
          "[:if, 71, 167, 4, 173, 7]": {
            "[:then, 72, 168, 6, 172, 9]": 3,
            "[:else, 73, 167, 4, 173, 7]": 0
          },
          "[:if, 74, 176, 4, 212, 7]": {
            "[:then, 75, 177, 6, 211, 9]": 3,
            "[:else, 76, 176, 4, 212, 7]": 0
          },
          "[:if, 77, 180, 6, 194, 9]": {
            "[:then, 78, 181, 8, 193, 11]": 3,
            "[:else, 79, 180, 6, 194, 9]": 0
          },
          "[:if, 80, 197, 6, 211, 9]": {
            "[:then, 81, 198, 8, 210, 11]": 3,
            "[:else, 82, 197, 6, 211, 9]": 0
          }
        }
      },
      "/home/saswat/csce606/CSCE606_Fall2025_Project3_Group6/app/controllers/application_controller.rb": {
        "lines": [
          1,
          null,
          1,
          1,
          1,
          null,
          1,
          null,
          null,
          null,
          1,
          0,
          null,
          null,
          1,
          0,
          null,
          null,
          1,
          0,
          0,
          null,
          null
        ],
        "branches": {}
      },
      "/home/saswat/csce606/CSCE606_Fall2025_Project3_Group6/app/mailers/devise_mailer.rb": {
        "lines": [
          1,
          null
        ],
        "branches": {}
      },
      "/home/saswat/csce606/CSCE606_Fall2025_Project3_Group6/app/mailers/application_mailer.rb": {
        "lines": [
          1,
          1,
          1,
          null,
          null,
          1,
          null,
          null,
          1,
          null
        ],
        "branches": {}
      },
      "/home/saswat/csce606/CSCE606_Fall2025_Project3_Group6/app/models/achievement.rb": {
        "lines": [
          1,
          null
        ],
        "branches": {}
      },
      "/home/saswat/csce606/CSCE606_Fall2025_Project3_Group6/app/models/application_record.rb": {
        "lines": [
          1,
          1,
          null
        ],
        "branches": {}
      },
      "/home/saswat/csce606/CSCE606_Fall2025_Project3_Group6/app/models/email_preference.rb": {
        "lines": [
          1,
          1,
          null
        ],
        "branches": {}
      },
      "/home/saswat/csce606/CSCE606_Fall2025_Project3_Group6/app/models/follow.rb": {
        "lines": [
          1,
          1,
          1,
          null
        ],
        "branches": {}
      },
      "/home/saswat/csce606/CSCE606_Fall2025_Project3_Group6/app/models/genre.rb": {
        "lines": [
          1,
          1,
          1,
          null,
          1,
          11,
          null,
          1,
          7,
          5,
          null,
          null,
          null
        ],
        "branches": {}
      },
      "/home/saswat/csce606/CSCE606_Fall2025_Project3_Group6/app/models/list_item.rb": {
        "lines": [
          1,
          1,
          1,
          null
        ],
        "branches": {}
      },
      "/home/saswat/csce606/CSCE606_Fall2025_Project3_Group6/app/models/list.rb": {
        "lines": [
          1,
          1,
          null
        ],
        "branches": {}
      },
      "/home/saswat/csce606/CSCE606_Fall2025_Project3_Group6/app/models/log.rb": {
        "lines": [
          1,
          1,
          1,
          null
        ],
        "branches": {}
      },
      "/home/saswat/csce606/CSCE606_Fall2025_Project3_Group6/app/models/log_tag.rb": {
        "lines": [
          1,
          1,
          1,
          null
        ],
        "branches": {}
      },
      "/home/saswat/csce606/CSCE606_Fall2025_Project3_Group6/app/models/movie_genre.rb": {
        "lines": [
          1,
          1,
          1,
          null
        ],
        "branches": {}
      },
      "/home/saswat/csce606/CSCE606_Fall2025_Project3_Group6/app/models/movie_person.rb": {
        "lines": [
          1,
          1,
          1,
          null
        ],
        "branches": {}
      },
      "/home/saswat/csce606/CSCE606_Fall2025_Project3_Group6/app/models/movie.rb": {
        "lines": [
          1,
          1,
          1,
          1,
          1,
          1,
          1,
          null,
          1,
          null,
          3,
          3,
          null,
          1,
          3,
          null,
          null,
          1,
          22,
          null,
          21,
          21,
          null,
          null,
          null,
          null,
          null,
          null,
          null,
          null,
          21,
          21,
          null,
          null,
          1,
          3,
          null,
          null,
          1,
          6,
          5,
          null,
          null,
          1,
          2,
          2,
          null,
          null,
          1,
          5,
          null,
          null
        ],
        "branches": {
          "[:if, 0, 19, 4, 19, 34]": {
            "[:then, 1, 19, 4, 19, 14]": 1,
            "[:else, 2, 19, 4, 19, 34]": 21
          },
          "[:unless, 3, 40, 4, 40, 34]": {
            "[:else, 4, 40, 4, 40, 34]": 5,
            "[:then, 5, 40, 4, 40, 14]": 1
          },
          "[:unless, 6, 45, 4, 45, 34]": {
            "[:else, 7, 45, 4, 45, 34]": 2,
            "[:then, 8, 45, 4, 45, 14]": 0
          }
        }
      },
      "/home/saswat/csce606/CSCE606_Fall2025_Project3_Group6/app/models/notification.rb": {
        "lines": [
          1,
          1,
          null
        ],
        "branches": {}
      },
      "/home/saswat/csce606/CSCE606_Fall2025_Project3_Group6/app/models/person.rb": {
        "lines": [
          1,
          1,
          1,
          null,
          1,
          1,
          null,
          1,
          9,
          8,
          8,
          null,
          null,
          null,
          1,
          3,
          null,
          null
        ],
        "branches": {}
      },
      "/home/saswat/csce606/CSCE606_Fall2025_Project3_Group6/app/models/review.rb": {
        "lines": [
          1,
          1,
          1,
          1,
          null,
          1,
          1,
          1,
          null,
          1,
          6,
          null,
          1,
          0,
          null,
          null,
          1,
          0,
          null,
          null
        ],
        "branches": {}
      },
      "/home/saswat/csce606/CSCE606_Fall2025_Project3_Group6/app/models/tag.rb": {
        "lines": [
          1,
          null
        ],
        "branches": {}
      },
      "/home/saswat/csce606/CSCE606_Fall2025_Project3_Group6/app/models/user_achievement.rb": {
        "lines": [
          1,
          1,
          1,
          null
        ],
        "branches": {}
      },
      "/home/saswat/csce606/CSCE606_Fall2025_Project3_Group6/app/models/user.rb": {
        "lines": [
          1,
          1,
          null,
          null,
          1,
          1,
          1,
          1,
          1,
          1,
          null,
          1,
          null,
          1,
          null,
          null,
          null,
          null,
          null,
          null,
          null,
          null,
          null,
          1,
          null,
          1,
          20,
          null,
          20,
          null,
          20,
          0,
          null,
          null,
          null,
          null,
          1,
          0,
          null,
          null
        ],
        "branches": {
          "[:if, 0, 27, 4, 27, 29]": {
            "[:then, 1, 27, 4, 27, 10]": 0,
            "[:else, 2, 27, 4, 27, 29]": 20
          },
          "[:unless, 3, 31, 4, 34, 7]": {
            "[:else, 4, 31, 4, 34, 7]": 20,
            "[:then, 5, 32, 6, 33, 138]": 0
          }
        }
      },
      "/home/saswat/csce606/CSCE606_Fall2025_Project3_Group6/app/models/user_stat.rb": {
        "lines": [
          1,
          1,
          null
        ],
        "branches": {}
      },
      "/home/saswat/csce606/CSCE606_Fall2025_Project3_Group6/app/models/vote.rb": {
        "lines": [
          1,
          1,
          1,
          null,
          1,
          1,
          null,
          1,
          null,
          1,
          null,
          1,
          0,
          null,
          null
        ],
        "branches": {}
      },
      "/home/saswat/csce606/CSCE606_Fall2025_Project3_Group6/app/models/watchlist.rb": {
        "lines": [
          1,
          1,
          1,
          null
        ],
        "branches": {}
      },
      "/home/saswat/csce606/CSCE606_Fall2025_Project3_Group6/app/services/tmdb_service.rb": {
        "lines": [
          1,
          1,
          1,
          null,
          1,
          2,
          2,
          2,
          2,
          2,
          null,
          null,
          null,
          1,
          1,
          null,
          0,
          0,
          null,
          0,
          null,
          null,
          0,
          null,
          null,
          null,
          null,
          null,
          0,
          null,
          0,
          0,
          null,
          null,
          0,
          null,
          null,
          null,
          null,
          null,
          null,
          0,
          0,
          0,
          0,
          null,
          0,
          null,
          null,
          null,
          0,
          0,
          null,
          0,
          null,
          0,
          0,
          null,
          null,
          null,
          1,
          1,
          null,
          0,
          0,
          null,
          0,
          null,
          null,
          0,
          null,
          null,
          null,
          null,
          0,
          0,
          0,
          0,
          null,
          0,
          null,
          null,
          0,
          0,
          null,
          null,
          null,
          1,
          0,
          null,
          0,
          0,
          null,
          0,
          null,
          null,
          0,
          null,
          null,
          null,
          null,
          null,
          0,
          0,
          0,
          0,
          null,
          0,
          null,
          null,
          0,
          0,
          null,
          null,
          null,
          1,
          0,
          0,
          null,
          0,
          null,
          null,
          0,
          null,
          0,
          0,
          0,
          0,
          null,
          0,
          null,
          null,
          0,
          0,
          null,
          null,
          null,
          1,
          10,
          7,
          null,
          null,
          1,
          null,
          1,
          0,
          0,
          0,
          null,
          null,
          0,
          null,
          0,
          null,
          null,
          null,
          0,
          null,
          null,
          null,
          0,
          null,
          null,
          0,
          0,
          0,
          null,
          null,
          0,
          null,
          null,
          null,
          0,
          null,
          null,
          null
        ],
        "branches": {
          "[:if, 0, 15, 4, 15, 76]": {
            "[:then, 1, 15, 4, 15, 60]": 1,
            "[:else, 2, 15, 4, 15, 76]": 0
          },
          "[:if, 3, 20, 4, 20, 36]": {
            "[:then, 4, 20, 4, 20, 17]": 0,
            "[:else, 5, 20, 4, 20, 36]": 0
          },
          "[:if, 6, 52, 6, 52, 48]": {
            "[:then, 7, 52, 6, 52, 24]": 0,
            "[:else, 8, 52, 6, 52, 48]": 0
          },
          "[:if, 9, 29, 6, 40, 9]": {
            "[:then, 10, 31, 8, 39, 9]": 0,
            "[:else, 11, 29, 6, 40, 9]": 0
          },
          "[:if, 12, 32, 8, 32, 50]": {
            "[:then, 13, 32, 8, 32, 26]": 0,
            "[:else, 14, 32, 8, 32, 50]": 0
          },
          "[:if, 15, 42, 6, 48, 9]": {
            "[:then, 16, 43, 8, 45, 12]": 0,
            "[:else, 17, 47, 8, 47, 86]": 0
          },
          "[:if, 18, 62, 4, 62, 32]": {
            "[:then, 19, 62, 4, 62, 14]": 1,
            "[:else, 20, 62, 4, 62, 32]": 0
          },
          "[:if, 21, 67, 4, 67, 36]": {
            "[:then, 22, 67, 4, 67, 17]": 0,
            "[:else, 23, 67, 4, 67, 36]": 0
          },
          "[:if, 24, 75, 6, 81, 9]": {
            "[:then, 25, 76, 8, 78, 12]": 0,
            "[:else, 26, 80, 8, 80, 11]": 0
          },
          "[:if, 27, 89, 4, 89, 60]": {
            "[:then, 28, 89, 4, 89, 42]": 0,
            "[:else, 29, 89, 4, 89, 60]": 0
          },
          "[:if, 30, 94, 4, 94, 36]": {
            "[:then, 31, 94, 4, 94, 17]": 0,
            "[:else, 32, 94, 4, 94, 36]": 0
          },
          "[:if, 33, 103, 6, 109, 9]": {
            "[:then, 34, 104, 8, 106, 12]": 0,
            "[:else, 35, 108, 8, 108, 68]": 0
          },
          "[:if, 36, 120, 4, 120, 36]": {
            "[:then, 37, 120, 4, 120, 17]": 0,
            "[:else, 38, 120, 4, 120, 36]": 0
          },
          "[:if, 39, 125, 6, 131, 9]": {
            "[:then, 40, 126, 8, 128, 12]": 0,
            "[:else, 41, 130, 8, 130, 22]": 0
          },
          "[:if, 42, 139, 4, 139, 36]": {
            "[:then, 43, 139, 4, 139, 14]": 3,
            "[:else, 44, 139, 4, 139, 36]": 7
          },
          "[:if, 45, 146, 4, 149, 7]": {
            "[:then, 46, 147, 6, 148, 49]": 0,
            "[:else, 47, 146, 4, 149, 7]": 0
          },
          "[:if, 48, 161, 9, 161, 58]": {
            "[:then, 49, 161, 9, 161, 34]": 0,
            "[:else, 50, 161, 9, 161, 58]": 0
          }
        }
      },
      "/home/saswat/csce606/CSCE606_Fall2025_Project3_Group6/app/controllers/home_controller.rb": {
        "lines": [
          1,
          1,
          null,
          1,
          null,
          null
        ],
        "branches": {}
      },
      "/home/saswat/csce606/CSCE606_Fall2025_Project3_Group6/app/controllers/reviews_controller.rb": {
        "lines": [
          0,
          0,
          0,
          0,
          0,
          null,
          0,
          0,
          0,
          null,
          0,
          0,
          0,
          null,
          0,
          0,
          0,
          0,
          0,
          0,
          null,
          0,
          0,
          null,
          0,
          0,
          0,
          0,
          0,
          0,
          0,
          null,
          0,
          0,
          0,
          0,
          null,
          0,
          0,
          0,
          null,
          0,
          0,
          0,
          0,
          0,
          0,
          0,
          0,
          0,
          null,
          0,
          0,
          null,
          0,
          0,
          0,
          0,
          0,
          0,
          0,
          0,
          null,
          0,
          null,
          0,
          0,
          0,
          null,
          0,
          0,
          0,
          null,
          0,
          0,
          0,
          0,
          0,
          null,
          0,
          0,
          0,
          0
        ],
        "branches": {}
      },
      "/home/saswat/csce606/CSCE606_Fall2025_Project3_Group6/app/controllers/users/registrations_controller.rb": {
        "lines": [
          0,
          0,
          null,
          0,
          null,
          null,
          0,
          0,
          0,
          null,
          0,
          0,
          0,
          null,
          0,
          null,
          0,
          0,
          0,
          0,
          0
        ],
        "branches": {}
      },
      "/home/saswat/csce606/CSCE606_Fall2025_Project3_Group6/app/controllers/users_controller.rb": {
        "lines": [
          0,
          0,
          null,
          0,
          0,
          0,
          0,
          0,
          null,
          0,
          0,
          null,
          null,
          0,
          0,
          0,
          0,
          null,
          0,
          0,
          0,
          null,
          0,
          0,
          0,
          null,
          0,
          0,
          0,
          0,
          0,
          0,
          0,
          0,
          null,
          0,
          null,
          0,
          0,
          0,
          0
        ],
        "branches": {}
      },
      "/home/saswat/csce606/CSCE606_Fall2025_Project3_Group6/app/jobs/application_job.rb": {
        "lines": [
          0,
          null,
          null,
          null,
          null,
          null,
          0
        ],
        "branches": {}
      }
    },
    "timestamp": 1763940579
  },
  "Cucumber Features": {
    "coverage": {
      "/home/saswat/csce606/CSCE606_Fall2025_Project3_Group6/app/controllers/application_controller.rb": {
        "lines": [
          0,
          null,
          0,
          0,
          0,
          null,
          0,
          null,
          null,
          null,
          0,
          0,
          0,
          null,
          0,
          0,
          0,
          null,
          0,
          0,
          0,
          0,
          0
        ],
        "branches": {}
      },
      "/home/saswat/csce606/CSCE606_Fall2025_Project3_Group6/app/controllers/home_controller.rb": {
        "lines": [
          0,
          0,
          null,
          0,
          0,
          0
        ],
        "branches": {}
      },
      "/home/saswat/csce606/CSCE606_Fall2025_Project3_Group6/app/controllers/movies_controller.rb": {
        "lines": [
          0,
          0,
          null,
          0,
          0,
          0,
          0,
          0,
          0,
          null,
          0,
          0,
          null,
          0,
          null,
          0,
          0,
          0,
          0,
          0,
          0,
          0,
          0,
          0,
          0,
          null,
          null,
          0,
          null,
          0,
          null,
          null,
          0,
          0,
          0,
          0,
          0,
          0,
          0,
          0,
          null,
          null,
          0,
          0,
          0,
          null,
          0,
          0,
          null,
          null,
          0,
          0,
          0,
          0,
          0,
          0,
          0,
          0,
          0,
          0,
          null,
          null,
          0,
          0,
          0,
          0,
          0,
          0,
          0,
          0,
          0,
          0,
          0,
          null,
          0,
          0,
          null,
          0,
          0,
          0,
          0,
          null,
          0,
          0,
          0,
          null,
          0,
          null,
          0,
          0,
          0,
          null,
          0,
          0,
          null,
          null,
          0,
          0,
          0,
          0,
          0,
          0,
          0,
          0,
          0,
          null,
          null,
          0,
          0,
          0,
          0,
          0,
          0,
          0,
          0,
          0,
          0,
          0,
          0,
          0,
          null,
          0,
          0,
          null,
          0,
          0,
          0,
          0,
          0,
          0,
          0,
          0,
          0,
          0,
          0,
          0,
          0,
          0,
          0,
          0,
          0,
          0,
          0,
          0,
          0,
          0,
          0,
          null,
          0,
          0,
          0,
          0,
          0,
          null,
          0,
          0,
          null,
          null,
          0,
          0,
          0,
          0,
          0,
          0,
          0,
          null,
          null,
          0,
          0,
          null,
          null,
          0,
          0,
          0,
          0,
          0,
          0,
          0,
          0,
          0,
          0,
          0,
          0,
          0,
          0,
          0,
          null,
          null,
          0,
          0,
          0,
          0,
          0,
          0,
          0,
          0,
          0,
          0,
          0,
          0,
          0,
          0,
          0,
          0,
          0,
          0
        ],
        "branches": {}
      },
      "/home/saswat/csce606/CSCE606_Fall2025_Project3_Group6/app/controllers/users/registrations_controller.rb": {
        "lines": [
          0,
          0,
          null,
          0,
          null,
          null,
          0,
          0,
          0,
          null,
          0,
          0,
          0,
          null,
          0,
          null,
          0,
          0,
          0,
          0,
          0
        ],
        "branches": {}
      },
      "/home/saswat/csce606/CSCE606_Fall2025_Project3_Group6/app/controllers/users_controller.rb": {
        "lines": [
          0,
          0,
          null,
          0,
          0,
          0,
          0,
          0,
          null,
          0,
          0,
          null,
          null,
          0,
          0,
          0,
          0,
          null,
          0,
          0,
          0,
          null,
          0,
          0,
          0,
          null,
          0,
          0,
          0,
          0,
          0,
          0,
          0,
          0,
          null,
          0,
          null,
          0,
          0,
          0,
          0
        ],
        "branches": {}
      },
      "/home/saswat/csce606/CSCE606_Fall2025_Project3_Group6/app/helpers/application_helper.rb": {
        "lines": [
          0,
          0
        ],
        "branches": {}
      },
      "/home/saswat/csce606/CSCE606_Fall2025_Project3_Group6/app/helpers/home_helper.rb": {
        "lines": [
          0,
          0
        ],
        "branches": {}
      },
      "/home/saswat/csce606/CSCE606_Fall2025_Project3_Group6/app/jobs/application_job.rb": {
        "lines": [
          0,
          null,
          null,
          null,
          null,
          null,
          0
        ],
        "branches": {}
      },
      "/home/saswat/csce606/CSCE606_Fall2025_Project3_Group6/app/mailers/application_mailer.rb": {
        "lines": [
          0,
          0,
          0,
          null,
          null,
          0,
          null,
          null,
          0,
          0
        ],
        "branches": {}
      },
      "/home/saswat/csce606/CSCE606_Fall2025_Project3_Group6/app/mailers/devise_mailer.rb": {
        "lines": [
          0,
          0
        ],
        "branches": {}
      },
      "/home/saswat/csce606/CSCE606_Fall2025_Project3_Group6/app/models/achievement.rb": {
        "lines": [
          0,
          0
        ],
        "branches": {}
      },
      "/home/saswat/csce606/CSCE606_Fall2025_Project3_Group6/app/models/application_record.rb": {
        "lines": [
          0,
          0,
          0
        ],
        "branches": {}
      },
      "/home/saswat/csce606/CSCE606_Fall2025_Project3_Group6/app/models/email_preference.rb": {
        "lines": [
          0,
          0,
          0
        ],
        "branches": {}
      },
      "/home/saswat/csce606/CSCE606_Fall2025_Project3_Group6/app/models/follow.rb": {
        "lines": [
          0,
          0,
          0,
          0
        ],
        "branches": {}
      },
      "/home/saswat/csce606/CSCE606_Fall2025_Project3_Group6/app/models/genre.rb": {
        "lines": [
          0,
          0,
          0,
          null,
          0,
          0,
          null,
          0,
          0,
          0,
          0,
          0,
          0
        ],
        "branches": {}
      },
      "/home/saswat/csce606/CSCE606_Fall2025_Project3_Group6/app/models/list.rb": {
        "lines": [
          0,
          0,
          0
        ],
        "branches": {}
      },
      "/home/saswat/csce606/CSCE606_Fall2025_Project3_Group6/app/models/list_item.rb": {
        "lines": [
          0,
          0,
          0,
          0
        ],
        "branches": {}
      },
      "/home/saswat/csce606/CSCE606_Fall2025_Project3_Group6/app/models/log.rb": {
        "lines": [
          0,
          0,
          0,
          0
        ],
        "branches": {}
      },
      "/home/saswat/csce606/CSCE606_Fall2025_Project3_Group6/app/models/log_tag.rb": {
        "lines": [
          0,
          0,
          0,
          0
        ],
        "branches": {}
      },
      "/home/saswat/csce606/CSCE606_Fall2025_Project3_Group6/app/models/movie.rb": {
        "lines": [
          0,
          0,
          0,
          0,
          0,
          0,
          0,
          null,
          0,
          null,
          0,
          0,
          null,
          0,
          0,
          null,
          0,
          0,
          0,
          0,
          0,
          0,
          0,
          0,
          0,
          0,
          0,
          0,
          0,
          null,
          0,
          0,
          0,
          null,
          0,
          0,
          0,
          0,
          null,
          0,
          0,
          0,
          0,
          null,
          0,
          0,
          0,
          0
        ],
        "branches": {}
      },
      "/home/saswat/csce606/CSCE606_Fall2025_Project3_Group6/app/models/movie_genre.rb": {
        "lines": [
          0,
          0,
          0,
          0
        ],
        "branches": {}
      },
      "/home/saswat/csce606/CSCE606_Fall2025_Project3_Group6/app/models/movie_person.rb": {
        "lines": [
          0,
          0,
          0,
          0
        ],
        "branches": {}
      },
      "/home/saswat/csce606/CSCE606_Fall2025_Project3_Group6/app/models/notification.rb": {
        "lines": [
          0,
          0,
          0
        ],
        "branches": {}
      },
      "/home/saswat/csce606/CSCE606_Fall2025_Project3_Group6/app/models/person.rb": {
        "lines": [
          0,
          0,
          0,
          null,
          0,
          0,
          null,
          0,
          0,
          0,
          0,
          0,
          0,
          null,
          0,
          0,
          0,
          0
        ],
        "branches": {}
      },
      "/home/saswat/csce606/CSCE606_Fall2025_Project3_Group6/app/models/review.rb": {
        "lines": [
          0,
          0,
          0,
          0
        ],
        "branches": {}
      },
      "/home/saswat/csce606/CSCE606_Fall2025_Project3_Group6/app/models/tag.rb": {
        "lines": [
          0,
          0
        ],
        "branches": {}
      },
      "/home/saswat/csce606/CSCE606_Fall2025_Project3_Group6/app/models/user.rb": {
        "lines": [
          0,
          0,
          0,
          null,
          0,
          0,
          null,
          0,
          null,
          0,
          0,
          0,
          0,
          0,
          0,
          0,
          0,
          null,
          null,
          0,
          null,
          0,
          0,
          null,
          0,
          null,
          0,
          0,
          0,
          0,
          0,
          0
        ],
        "branches": {}
      },
      "/home/saswat/csce606/CSCE606_Fall2025_Project3_Group6/app/models/user_achievement.rb": {
        "lines": [
          0,
          0,
          0,
          0
        ],
        "branches": {}
      },
      "/home/saswat/csce606/CSCE606_Fall2025_Project3_Group6/app/models/user_stat.rb": {
        "lines": [
          0,
          0,
          0
        ],
        "branches": {}
      },
      "/home/saswat/csce606/CSCE606_Fall2025_Project3_Group6/app/models/vote.rb": {
        "lines": [
          0,
          0,
          0,
          0
        ],
        "branches": {}
      },
      "/home/saswat/csce606/CSCE606_Fall2025_Project3_Group6/app/models/watchlist.rb": {
        "lines": [
          0,
          0,
          0,
          0
        ],
        "branches": {}
      },
      "/home/saswat/csce606/CSCE606_Fall2025_Project3_Group6/app/services/tmdb_service.rb": {
        "lines": [
          0,
          0,
          0,
          null,
          0,
          0,
          0,
          0,
          0,
          0,
          0,
          0,
          null,
          0,
          0,
          null,
          0,
          0,
          null,
          0,
          null,
          0,
          0,
          0,
          0,
          0,
          0,
          null,
          0,
          null,
          0,
          0,
          null,
          0,
          0,
          0,
          0,
          0,
          0,
          0,
          null,
          0,
          0,
          0,
          0,
          0,
          0,
          0,
          0,
          null,
          0,
          0,
          null,
          0,
          0,
          0,
          0,
          0,
          0,
          null,
          0,
          0,
          null,
          0,
          0,
          null,
          0,
          null,
          0,
          0,
          0,
          0,
          0,
          null,
          0,
          0,
          0,
          0,
          0,
          0,
          0,
          0,
          0,
          0,
          0,
          0,
          null,
          0,
          0,
          null,
          0,
          0,
          null,
          0,
          null,
          0,
          0,
          0,
          0,
          0,
          0,
          null,
          0,
          0,
          0,
          0,
          0,
          0,
          0,
          0,
          0,
          0,
          0,
          0,
          null,
          0,
          0,
          0,
          null,
          0,
          null,
          0,
          0,
          null,
          0,
          0,
          0,
          0,
          0,
          0,
          0,
          0,
          0,
          0,
          0,
          0,
          null,
          0,
          0,
          0,
          0,
          null,
          0,
          null,
          0,
          0,
          0,
          0,
          0,
          null,
          0,
          0,
          0,
          0,
          0,
          null,
          0,
          0,
          0,
          0,
          0,
          0,
          null,
          0,
          0,
          0,
          0,
          null,
          0,
          0,
          0,
          null,
          0,
          0,
          0
        ],
        "branches": {}
      }
    },
    "timestamp": 1763926609
  }
}
