{
  "RSpec": {
    "coverage": {
      "/home/fallacy/tamu/software_engineering/CSCE606_Fall2025_Project3_Group6/app/helpers/application_helper.rb": {
        "lines": [
          1,
          null
        ],
        "branches": {}
      },
      "/home/fallacy/tamu/software_engineering/CSCE606_Fall2025_Project3_Group6/app/helpers/home_helper.rb": {
        "lines": [
          1,
          null
        ],
        "branches": {}
      },
      "/home/fallacy/tamu/software_engineering/CSCE606_Fall2025_Project3_Group6/app/helpers/watchlist_items_helper.rb": {
        "lines": [
          1,
          null
        ],
        "branches": {}
      },
      "/home/fallacy/tamu/software_engineering/CSCE606_Fall2025_Project3_Group6/app/controllers/movies_controller.rb": {
        "lines": [
          1,
          1,
          null,
          1,
          12,
          12,
          12,
          12,
          12,
          null,
          12,
          9,
          null,
          9,
          null,
          9,
          1,
          1,
          1,
          1,
          null,
          8,
          8,
          8,
          8,
          null,
          null,
          8,
          null,
          8,
          null,
          null,
          8,
          null,
          null,
          3,
          3,
          3,
          3,
          null,
          null,
          null,
          12,
          12,
          null,
          null,
          1,
          8,
          null,
          null,
          8,
          4,
          4,
          3,
          3,
          null,
          1,
          1,
          null,
          null,
          null,
          8,
          null,
          8,
          null,
          7,
          7,
          0,
          null,
          7,
          7,
          null,
          null,
          null,
          7,
          7,
          null,
          null,
          7,
          null,
          null,
          null,
          1,
          2,
          null,
          2,
          1,
          1,
          null,
          null,
          1,
          1,
          null,
          null,
          1,
          null,
          1,
          22,
          null,
          null,
          1,
          8,
          null,
          null,
          8,
          1,
          1,
          1,
          1,
          1,
          null,
          null,
          null,
          null,
          null,
          8,
          1,
          1,
          1,
          null,
          1,
          null,
          0,
          null,
          1,
          1,
          null,
          null,
          null,
          8,
          null,
          null,
          1,
          8,
          null,
          12,
          null,
          2,
          null,
          1,
          1,
          1,
          null,
          1,
          null,
          0,
          null,
          null,
          0,
          null,
          null,
          null,
          0,
          null,
          null,
          null,
          1,
          4,
          null,
          4,
          null,
          null,
          1,
          15,
          13,
          null,
          null,
          null,
          1,
          3,
          null,
          null,
          3,
          3,
          3,
          3,
          3,
          null,
          null,
          null,
          null,
          3,
          3,
          null,
          null,
          3,
          3,
          3,
          null,
          null,
          null,
          null,
          3,
          null,
          null,
          null,
          null,
          null,
          null,
          null,
          null,
          null,
          3,
          6,
          3,
          3,
          null,
          null,
          null,
          null,
          3,
          null,
          null,
          null,
          null,
          null,
          null,
          null,
          null,
          null
        ],
        "branches": {
          "[:\"&.\", 0, 5, 13, 5, 34]": {
            "[:then, 1, 5, 13, 5, 34]": 9,
            "[:else, 2, 5, 13, 5, 34]": 3
          },
          "[:\"&.\", 3, 6, 12, 6, 31]": {
            "[:then, 4, 6, 12, 6, 31]": 0,
            "[:else, 5, 6, 12, 6, 31]": 12
          },
          "[:\"&.\", 6, 7, 20, 7, 49]": {
            "[:then, 7, 7, 20, 7, 49]": 1,
            "[:else, 8, 7, 20, 7, 49]": 11
          },
          "[:\"&.\", 9, 8, 21, 8, 51]": {
            "[:then, 10, 8, 21, 8, 51]": 1,
            "[:else, 11, 8, 21, 8, 51]": 11
          },
          "[:if, 12, 11, 4, 40, 7]": {
            "[:then, 13, 12, 6, 34, 9]": 9,
            "[:else, 14, 36, 6, 39, 18]": 3
          },
          "[:if, 15, 16, 6, 34, 9]": {
            "[:then, 16, 17, 8, 20, 26]": 1,
            "[:else, 17, 22, 8, 33, 34]": 8
          },
          "[:if, 18, 51, 4, 60, 7]": {
            "[:then, 19, 52, 6, 59, 9]": 4,
            "[:else, 20, 51, 4, 60, 7]": 4
          },
          "[:if, 21, 53, 6, 59, 9]": {
            "[:then, 22, 54, 8, 55, 45]": 3,
            "[:else, 23, 57, 8, 58, 34]": 1
          },
          "[:if, 24, 64, 4, 80, 7]": {
            "[:then, 25, 66, 6, 79, 26]": 7,
            "[:else, 26, 64, 4, 80, 7]": 1
          },
          "[:if, 27, 67, 6, 72, 9]": {
            "[:then, 28, 68, 8, 68, 38]": 0,
            "[:else, 29, 70, 8, 71, 74]": 7
          },
          "[:if, 30, 71, 8, 71, 74]": {
            "[:then, 31, 71, 8, 71, 42]": 7,
            "[:else, 32, 71, 8, 71, 74]": 0
          },
          "[:if, 33, 75, 19, 75, 67]": {
            "[:then, 34, 75, 47, 75, 55]": 0,
            "[:else, 35, 75, 58, 75, 67]": 7
          },
          "[:\"&.\", 36, 84, 12, 84, 33]": {
            "[:then, 37, 84, 12, 84, 33]": 2,
            "[:else, 38, 84, 12, 84, 33]": 0
          },
          "[:if, 39, 86, 4, 89, 7]": {
            "[:then, 40, 87, 6, 88, 12]": 1,
            "[:else, 41, 86, 4, 89, 7]": 1
          },
          "[:if, 42, 105, 4, 113, 7]": {
            "[:then, 43, 106, 6, 112, 9]": 1,
            "[:else, 44, 105, 4, 113, 7]": 7
          },
          "[:if, 45, 107, 6, 112, 9]": {
            "[:then, 46, 108, 8, 111, 11]": 1,
            "[:else, 47, 107, 6, 112, 9]": 0
          },
          "[:if, 48, 116, 4, 128, 7]": {
            "[:then, 49, 117, 8, 127, 11]": 1,
            "[:else, 50, 116, 4, 128, 7]": 7
          },
          "[:unless, 51, 119, 10, 119, 40]": {
            "[:else, 52, 119, 10, 119, 40]": 1,
            "[:then, 53, 119, 10, 119, 20]": 0
          },
          "[:unless, 54, 125, 10, 125, 32]": {
            "[:else, 55, 125, 10, 125, 32]": 1,
            "[:then, 56, 125, 10, 125, 20]": 0
          },
          "[:case, 57, 134, 4, 154, 7]": {
            "[:when, 58, 136, 6, 136, 52]": 6,
            "[:when, 59, 138, 6, 138, 54]": 1,
            "[:when, 60, 140, 6, 151, 17]": 1,
            "[:else, 61, 153, 6, 153, 12]": 0
          },
          "[:if, 62, 142, 8, 150, 11]": {
            "[:then, 63, 143, 10, 147, 13]": 1,
            "[:else, 64, 149, 10, 149, 30]": 0
          },
          "[:unless, 65, 158, 4, 158, 36]": {
            "[:else, 66, 158, 4, 158, 36]": 4,
            "[:then, 67, 158, 4, 158, 15]": 0
          },
          "[:unless, 68, 170, 4, 170, 36]": {
            "[:else, 69, 170, 4, 170, 36]": 3,
            "[:then, 70, 170, 4, 170, 10]": 0
          },
          "[:if, 71, 173, 4, 179, 7]": {
            "[:then, 72, 174, 6, 178, 9]": 3,
            "[:else, 73, 173, 4, 179, 7]": 0
          },
          "[:if, 74, 182, 4, 218, 7]": {
            "[:then, 75, 183, 6, 217, 9]": 3,
            "[:else, 76, 182, 4, 218, 7]": 0
          },
          "[:if, 77, 186, 6, 200, 9]": {
            "[:then, 78, 187, 8, 199, 11]": 3,
            "[:else, 79, 186, 6, 200, 9]": 0
          },
          "[:if, 80, 203, 6, 217, 9]": {
            "[:then, 81, 204, 8, 216, 11]": 3,
            "[:else, 82, 203, 6, 217, 9]": 0
          }
        }
      },
      "/home/fallacy/tamu/software_engineering/CSCE606_Fall2025_Project3_Group6/app/controllers/application_controller.rb": {
        "lines": [
          1,
          null,
          1,
          1,
          1,
          null,
          1,
          null,
          null,
          null,
          1,
          0,
          null,
          null,
          1,
          0,
          null,
          null,
          1,
          0,
          0,
          null,
          null
        ],
        "branches": {}
      },
      "/home/fallacy/tamu/software_engineering/CSCE606_Fall2025_Project3_Group6/app/mailers/devise_mailer.rb": {
        "lines": [
          1,
          null
        ],
        "branches": {}
      },
      "/home/fallacy/tamu/software_engineering/CSCE606_Fall2025_Project3_Group6/app/mailers/application_mailer.rb": {
        "lines": [
          1,
          1,
          1,
          null,
          null,
          1,
          null,
          null,
          1,
          null
        ],
        "branches": {}
      },
      "/home/fallacy/tamu/software_engineering/CSCE606_Fall2025_Project3_Group6/app/models/achievement.rb": {
        "lines": [
          1,
          null
        ],
        "branches": {}
      },
      "/home/fallacy/tamu/software_engineering/CSCE606_Fall2025_Project3_Group6/app/models/application_record.rb": {
        "lines": [
          1,
          1,
          null
        ],
        "branches": {}
      },
      "/home/fallacy/tamu/software_engineering/CSCE606_Fall2025_Project3_Group6/app/models/email_preference.rb": {
        "lines": [
          1,
          1,
          null
        ],
        "branches": {}
      },
      "/home/fallacy/tamu/software_engineering/CSCE606_Fall2025_Project3_Group6/app/models/follow.rb": {
        "lines": [
          1,
          1,
          1,
          null
        ],
        "branches": {}
      },
      "/home/fallacy/tamu/software_engineering/CSCE606_Fall2025_Project3_Group6/app/models/genre.rb": {
        "lines": [
          1,
          1,
          1,
          null,
          1,
          11,
          null,
          1,
          7,
          5,
          null,
          null,
          null
        ],
        "branches": {}
      },
      "/home/fallacy/tamu/software_engineering/CSCE606_Fall2025_Project3_Group6/app/models/list_item.rb": {
        "lines": [
          1,
          1,
          1,
          null
        ],
        "branches": {}
      },
      "/home/fallacy/tamu/software_engineering/CSCE606_Fall2025_Project3_Group6/app/models/list.rb": {
        "lines": [
          1,
          1,
          null
        ],
        "branches": {}
      },
      "/home/fallacy/tamu/software_engineering/CSCE606_Fall2025_Project3_Group6/app/models/log.rb": {
        "lines": [
          1,
          1,
          1,
          null
        ],
        "branches": {}
      },
      "/home/fallacy/tamu/software_engineering/CSCE606_Fall2025_Project3_Group6/app/models/log_tag.rb": {
        "lines": [
          1,
          1,
          1,
          null
        ],
        "branches": {}
      },
      "/home/fallacy/tamu/software_engineering/CSCE606_Fall2025_Project3_Group6/app/models/movie_genre.rb": {
        "lines": [
          1,
          1,
          1,
          null
        ],
        "branches": {}
      },
      "/home/fallacy/tamu/software_engineering/CSCE606_Fall2025_Project3_Group6/app/models/movie_person.rb": {
        "lines": [
          1,
          1,
          1,
          null
        ],
        "branches": {}
      },
      "/home/fallacy/tamu/software_engineering/CSCE606_Fall2025_Project3_Group6/app/models/movie.rb": {
        "lines": [
          1,
          1,
          1,
          1,
          1,
          1,
          1,
          1,
          null,
          1,
          null,
          3,
          3,
          null,
          1,
          38,
          null,
          null,
          1,
          25,
          null,
          24,
          24,
          null,
          null,
          null,
          null,
          null,
          null,
          null,
          null,
          24,
          24,
          null,
          null,
          1,
          5,
          null,
          null,
          1,
          6,
          5,
          null,
          null,
          1,
          2,
          2,
          null,
          null,
          1,
          7,
          null,
          null
        ],
        "branches": {
          "[:if, 0, 20, 4, 20, 34]": {
            "[:then, 1, 20, 4, 20, 14]": 1,
            "[:else, 2, 20, 4, 20, 34]": 24
          },
          "[:unless, 3, 41, 4, 41, 34]": {
            "[:else, 4, 41, 4, 41, 34]": 5,
            "[:then, 5, 41, 4, 41, 14]": 1
          },
          "[:unless, 6, 46, 4, 46, 34]": {
            "[:else, 7, 46, 4, 46, 34]": 2,
            "[:then, 8, 46, 4, 46, 14]": 0
          }
        }
      },
      "/home/fallacy/tamu/software_engineering/CSCE606_Fall2025_Project3_Group6/app/models/notification.rb": {
        "lines": [
          1,
          1,
          null
        ],
        "branches": {}
      },
      "/home/fallacy/tamu/software_engineering/CSCE606_Fall2025_Project3_Group6/app/models/person.rb": {
        "lines": [
          1,
          1,
          1,
          null,
          1,
          1,
          null,
          1,
          9,
          8,
          8,
          null,
          null,
          null,
          1,
          3,
          null,
          null
        ],
        "branches": {}
      },
      "/home/fallacy/tamu/software_engineering/CSCE606_Fall2025_Project3_Group6/app/models/review.rb": {
        "lines": [
          1,
          1,
          1,
          1,
          null,
          1,
          1,
          1,
          null,
          4,
          8,
          null,
          1,
          2,
          null,
          null,
          1,
          5,
          null,
          null
        ],
        "branches": {}
      },
      "/home/fallacy/tamu/software_engineering/CSCE606_Fall2025_Project3_Group6/app/models/tag.rb": {
        "lines": [
          1,
          null
        ],
        "branches": {}
      },
      "/home/fallacy/tamu/software_engineering/CSCE606_Fall2025_Project3_Group6/app/models/user_achievement.rb": {
        "lines": [
          1,
          1,
          1,
          null
        ],
        "branches": {}
      },
      "/home/fallacy/tamu/software_engineering/CSCE606_Fall2025_Project3_Group6/app/models/user.rb": {
        "lines": [
          1,
          1,
          null,
          null,
          1,
          1,
          1,
          1,
          1,
          1,
          null,
          1,
          1,
          1,
          null,
          1,
          null,
          null,
          null,
          null,
          null,
          null,
          null,
          null,
          null,
          1,
          null,
          1,
          86,
          null,
          81,
          null,
          81,
          1,
          null,
          null,
          null,
          null,
          1,
          0,
          null,
          null
        ],
        "branches": {
          "[:if, 0, 29, 4, 29, 29]": {
            "[:then, 1, 29, 4, 29, 10]": 5,
            "[:else, 2, 29, 4, 29, 29]": 81
          },
          "[:unless, 3, 33, 4, 36, 7]": {
            "[:else, 4, 33, 4, 36, 7]": 80,
            "[:then, 5, 34, 6, 35, 138]": 1
          }
        }
      },
      "/home/fallacy/tamu/software_engineering/CSCE606_Fall2025_Project3_Group6/app/models/user_stat.rb": {
        "lines": [
          1,
          1,
          null
        ],
        "branches": {}
      },
      "/home/fallacy/tamu/software_engineering/CSCE606_Fall2025_Project3_Group6/app/models/vote.rb": {
        "lines": [
          1,
          1,
          1,
          null,
          1,
          1,
          null,
          1,
          null,
          1,
          null,
          1,
          5,
          null,
          null
        ],
        "branches": {}
      },
      "/home/fallacy/tamu/software_engineering/CSCE606_Fall2025_Project3_Group6/app/models/watch_history.rb": {
        "lines": [
          1,
          1,
          1,
          null,
          1,
          null
        ],
        "branches": {}
      },
      "/home/fallacy/tamu/software_engineering/CSCE606_Fall2025_Project3_Group6/app/models/watch_log.rb": {
        "lines": [
          1,
          1,
          1,
          null,
          1,
          1,
          null,
          1,
          null,
          1,
          16,
          15,
          1,
          null,
          null,
          null,
          1,
          null,
          1,
          16,
          16,
          null,
          null,
          null
        ],
        "branches": {
          "[:if, 0, 11, 4, 11, 31]": {
            "[:then, 1, 11, 4, 11, 10]": 1,
            "[:else, 2, 11, 4, 11, 31]": 15
          },
          "[:if, 3, 12, 4, 14, 7]": {
            "[:then, 4, 13, 6, 13, 55]": 1,
            "[:else, 5, 12, 4, 14, 7]": 14
          },
          "[:if, 6, 20, 4, 22, 7]": {
            "[:then, 7, 21, 6, 21, 47]": 16,
            "[:else, 8, 20, 4, 22, 7]": 0
          }
        }
      },
      "/home/fallacy/tamu/software_engineering/CSCE606_Fall2025_Project3_Group6/app/models/watchlist_item.rb": {
        "lines": [
          1,
          1,
          1,
          null
        ],
        "branches": {}
      },
      "/home/fallacy/tamu/software_engineering/CSCE606_Fall2025_Project3_Group6/app/models/watchlist.rb": {
        "lines": [
          1,
          1,
          1,
          1,
          null
        ],
        "branches": {}
      },
      "/home/fallacy/tamu/software_engineering/CSCE606_Fall2025_Project3_Group6/app/services/tmdb_service.rb": {
        "lines": [
          1,
          1,
          1,
          null,
          1,
          16,
          16,
          16,
          16,
          16,
          null,
          null,
          null,
          1,
          4,
          null,
          2,
          2,
          null,
          2,
          null,
          null,
          2,
          null,
          null,
          null,
          null,
          null,
          2,
          null,
          1,
          1,
          null,
          null,
          1,
          null,
          null,
          null,
          null,
          null,
          null,
          1,
          1,
          1,
          1,
          null,
          0,
          null,
          null,
          null,
          0,
          0,
          null,
          0,
          null,
          0,
          null,
          null,
          null,
          1,
          3,
          null,
          1,
          1,
          null,
          1,
          null,
          null,
          1,
          null,
          null,
          null,
          null,
          1,
          1,
          1,
          1,
          null,
          0,
          null,
          null,
          0,
          null,
          null,
          null,
          1,
          2,
          null,
          1,
          1,
          null,
          1,
          null,
          null,
          1,
          null,
          null,
          null,
          null,
          null,
          1,
          1,
          1,
          1,
          null,
          0,
          null,
          null,
          0,
          null,
          null,
          null,
          1,
          1,
          1,
          null,
          1,
          null,
          null,
          1,
          null,
          1,
          1,
          1,
          1,
          null,
          0,
          null,
          null,
          0,
          null,
          null,
          null,
          1,
          14,
          10,
          null,
          null,
          1,
          null,
          1,
          5,
          0,
          null,
          null,
          5,
          null,
          5,
          null,
          null,
          null,
          5,
          15,
          11,
          null,
          null,
          5,
          null,
          null
        ],
        "branches": {
          "[:if, 0, 15, 4, 15, 76]": {
            "[:then, 1, 15, 4, 15, 60]": 2,
            "[:else, 2, 15, 4, 15, 76]": 2
          },
          "[:if, 3, 20, 4, 20, 36]": {
            "[:then, 4, 20, 4, 20, 17]": 0,
            "[:else, 5, 20, 4, 20, 36]": 2
          },
          "[:if, 6, 52, 6, 52, 48]": {
            "[:then, 7, 52, 6, 52, 24]": 0,
            "[:else, 8, 52, 6, 52, 48]": 0
          },
          "[:if, 9, 29, 6, 40, 9]": {
            "[:then, 10, 31, 8, 39, 9]": 1,
            "[:else, 11, 29, 6, 40, 9]": 1
          },
          "[:if, 12, 32, 8, 32, 50]": {
            "[:then, 13, 32, 8, 32, 26]": 0,
            "[:else, 14, 32, 8, 32, 50]": 1
          },
          "[:if, 15, 42, 6, 48, 9]": {
            "[:then, 16, 43, 8, 45, 12]": 1,
            "[:else, 17, 47, 8, 47, 86]": 0
          },
          "[:if, 18, 61, 4, 61, 32]": {
            "[:then, 19, 61, 4, 61, 14]": 2,
            "[:else, 20, 61, 4, 61, 32]": 1
          },
          "[:if, 21, 66, 4, 66, 36]": {
            "[:then, 22, 66, 4, 66, 17]": 0,
            "[:else, 23, 66, 4, 66, 36]": 1
          },
          "[:if, 24, 74, 6, 80, 9]": {
            "[:then, 25, 75, 8, 77, 12]": 1,
            "[:else, 26, 79, 8, 79, 11]": 0
          },
          "[:if, 27, 87, 4, 87, 60]": {
            "[:then, 28, 87, 4, 87, 42]": 1,
            "[:else, 29, 87, 4, 87, 60]": 1
          },
          "[:if, 30, 92, 4, 92, 36]": {
            "[:then, 31, 92, 4, 92, 17]": 0,
            "[:else, 32, 92, 4, 92, 36]": 1
          },
          "[:if, 33, 101, 6, 107, 9]": {
            "[:then, 34, 102, 8, 104, 12]": 1,
            "[:else, 35, 106, 8, 106, 68]": 0
          },
          "[:if, 36, 117, 4, 117, 36]": {
            "[:then, 37, 117, 4, 117, 17]": 0,
            "[:else, 38, 117, 4, 117, 36]": 1
          },
          "[:if, 39, 122, 6, 128, 9]": {
            "[:then, 40, 123, 8, 125, 12]": 1,
            "[:else, 41, 127, 8, 127, 22]": 0
          },
          "[:if, 42, 135, 4, 135, 36]": {
            "[:then, 43, 135, 4, 135, 14]": 4,
            "[:else, 44, 135, 4, 135, 36]": 10
          },
          "[:if, 45, 142, 4, 144, 7]": {
            "[:then, 46, 143, 6, 143, 49]": 0,
            "[:else, 47, 142, 4, 144, 7]": 5
          }
        }
      },
      "/home/fallacy/tamu/software_engineering/CSCE606_Fall2025_Project3_Group6/app/controllers/watch_histories_controller.rb": {
        "lines": [
          1,
          1,
          null,
          1,
          5,
          null,
          null,
          5,
          null,
          null,
          5,
          1,
          null,
          1,
          null,
          null,
          null,
          5,
          null,
          1,
          1,
          null,
          null,
          null,
          null,
          null,
          5,
          null,
          1,
          1,
          null,
          null,
          null,
          null,
          null,
          null,
          5,
          null,
          1,
          null,
          0,
          null,
          1,
          null,
          0,
          null,
          null,
          3,
          null,
          null,
          5,
          null,
          null,
          1,
          null,
          4,
          null,
          4,
          null,
          null,
          4,
          2,
          2,
          null,
          null,
          4,
          1,
          null,
          null,
          3,
          null,
          3,
          null,
          3,
          null,
          3,
          3,
          null,
          0,
          null,
          null,
          null,
          1,
          1,
          1,
          1,
          1,
          1,
          null,
          0,
          null,
          null,
          null
        ],
        "branches": {
          "[:if, 0, 11, 4, 15, 7]": {
            "[:then, 1, 12, 6, 14, 72]": 1,
            "[:else, 2, 11, 4, 15, 7]": 4
          },
          "[:if, 3, 18, 4, 25, 7]": {
            "[:then, 4, 19, 6, 24, 9]": 1,
            "[:else, 5, 18, 4, 25, 7]": 4
          },
          "[:if, 6, 27, 4, 34, 7]": {
            "[:then, 7, 28, 6, 33, 9]": 1,
            "[:else, 8, 27, 4, 34, 7]": 4
          },
          "[:case, 9, 37, 4, 49, 7]": {
            "[:when, 10, 39, 6, 39, 41]": 1,
            "[:when, 11, 41, 6, 41, 42]": 0,
            "[:when, 12, 43, 6, 43, 57]": 1,
            "[:when, 13, 45, 6, 45, 58]": 0,
            "[:else, 14, 48, 6, 48, 42]": 3
          },
          "[:if, 15, 61, 4, 64, 7]": {
            "[:then, 16, 62, 6, 63, 58]": 2,
            "[:else, 17, 61, 4, 64, 7]": 2
          },
          "[:if, 18, 63, 6, 63, 58]": {
            "[:then, 19, 63, 6, 63, 50]": 1,
            "[:else, 20, 63, 6, 63, 58]": 1
          },
          "[:unless, 21, 66, 4, 68, 7]": {
            "[:else, 22, 66, 4, 68, 7]": 3,
            "[:then, 23, 67, 6, 67, 85]": 1
          },
          "[:if, 24, 76, 4, 80, 7]": {
            "[:then, 25, 77, 6, 77, 102]": 3,
            "[:else, 26, 79, 6, 79, 108]": 0
          },
          "[:\"&.\", 27, 85, 17, 85, 42]": {
            "[:then, 28, 85, 17, 85, 42]": 1,
            "[:else, 29, 85, 17, 85, 42]": 0
          },
          "[:\"&.\", 30, 85, 17, 85, 68]": {
            "[:then, 31, 85, 17, 85, 68]": 1,
            "[:else, 32, 85, 17, 85, 68]": 0
          },
          "[:if, 33, 86, 4, 91, 7]": {
            "[:then, 34, 87, 6, 88, 76]": 1,
            "[:else, 35, 90, 6, 90, 78]": 0
          }
        }
      },
      "/home/fallacy/tamu/software_engineering/CSCE606_Fall2025_Project3_Group6/app/controllers/home_controller.rb": {
        "lines": [
          1,
          1,
          null,
          1,
          null,
          null
        ],
        "branches": {}
      },
      "/home/fallacy/tamu/software_engineering/CSCE606_Fall2025_Project3_Group6/app/controllers/users/registrations_controller.rb": {
        "lines": [
          1,
          1,
          null,
          1,
          null,
          null,
          1,
          3,
          null,
          null,
          1,
          3,
          null,
          null,
          1,
          null,
          1,
          6,
          6,
          null,
          null
        ],
        "branches": {}
      },
      "/home/fallacy/tamu/software_engineering/CSCE606_Fall2025_Project3_Group6/app/controllers/reviews_controller.rb": {
        "lines": [
          1,
          1,
          1,
          1,
          1,
          null,
          1,
          1,
          null,
          null,
          1,
          2,
          2,
          null,
          2,
          1,
          null,
          1,
          null,
          null,
          null,
          1,
          null,
          null,
          1,
          2,
          1,
          null,
          1,
          null,
          null,
          null,
          1,
          1,
          1,
          null,
          null,
          1,
          3,
          3,
          null,
          3,
          2,
          1,
          null,
          1,
          null,
          null,
          1,
          null,
          null,
          3,
          null,
          null,
          1,
          2,
          1,
          null,
          1,
          1,
          null,
          null,
          null,
          1,
          null,
          1,
          7,
          null,
          null,
          1,
          10,
          null,
          null,
          1,
          5,
          1,
          null,
          null,
          null,
          1,
          4,
          null,
          null
        ],
        "branches": {
          "[:if, 0, 15, 4, 19, 7]": {
            "[:then, 1, 16, 6, 16, 80]": 1,
            "[:else, 2, 18, 6, 18, 85]": 1
          },
          "[:if, 3, 26, 4, 30, 7]": {
            "[:then, 4, 27, 6, 27, 80]": 1,
            "[:else, 5, 29, 6, 29, 49]": 1
          },
          "[:if, 6, 42, 4, 50, 7]": {
            "[:then, 7, 43, 6, 47, 9]": 2,
            "[:else, 8, 49, 6, 49, 60]": 1
          },
          "[:if, 9, 43, 6, 47, 9]": {
            "[:then, 10, 44, 8, 44, 29]": 1,
            "[:else, 11, 46, 8, 46, 42]": 1
          },
          "[:if, 12, 56, 4, 61, 7]": {
            "[:then, 13, 57, 6, 57, 98]": 1,
            "[:else, 14, 59, 6, 60, 100]": 1
          },
          "[:unless, 15, 75, 4, 77, 7]": {
            "[:else, 16, 75, 4, 77, 7]": 4,
            "[:then, 17, 76, 6, 76, 84]": 1
          }
        }
      },
      "/home/fallacy/tamu/software_engineering/CSCE606_Fall2025_Project3_Group6/app/controllers/users_controller.rb": {
        "lines": [
          1,
          1,
          null,
          1,
          2,
          2,
          2,
          null,
          null,
          1,
          4,
          null,
          null,
          4,
          2,
          2,
          null,
          null,
          2,
          2,
          null,
          null,
          1,
          2,
          null,
          null,
          1,
          4,
          4,
          2,
          null,
          2,
          null,
          null,
          null,
          1,
          null,
          1,
          4,
          null,
          null
        ],
        "branches": {
          "[:if, 0, 6, 4, 6, 61]": {
            "[:then, 1, 6, 4, 6, 28]": 0,
            "[:else, 2, 6, 4, 6, 61]": 2
          },
          "[:if, 3, 14, 4, 17, 7]": {
            "[:then, 4, 15, 6, 16, 12]": 2,
            "[:else, 5, 14, 4, 17, 7]": 2
          },
          "[:if, 6, 19, 4, 19, 61]": {
            "[:then, 7, 19, 4, 19, 28]": 0,
            "[:else, 8, 19, 4, 19, 61]": 2
          },
          "[:if, 9, 29, 4, 33, 7]": {
            "[:then, 10, 30, 6, 30, 58]": 2,
            "[:else, 11, 32, 6, 32, 18]": 2
          }
        }
      },
      "/home/fallacy/tamu/software_engineering/CSCE606_Fall2025_Project3_Group6/app/controllers/watchlist_items_controller.rb": {
        "lines": [
          1,
          1,
          null,
          1,
          3,
          null,
          null,
          3,
          null,
          3,
          1,
          null,
          null,
          2,
          2,
          2,
          2,
          null,
          0,
          null,
          null,
          null,
          1,
          2,
          2,
          1,
          1,
          null,
          1,
          1,
          null,
          0,
          null,
          null,
          1,
          null,
          null,
          null,
          null,
          1,
          2,
          2,
          2,
          1,
          null,
          null,
          1,
          1,
          1,
          1,
          null,
          0,
          null,
          null,
          null,
          1,
          null,
          1,
          5,
          null,
          null,
          3,
          3,
          null,
          null,
          2,
          2,
          null,
          null,
          2,
          2,
          null,
          2,
          null
        ],
        "branches": {
          "[:unless, 0, 10, 4, 12, 7]": {
            "[:else, 1, 10, 4, 12, 7]": 2,
            "[:then, 2, 11, 6, 11, 93]": 1
          },
          "[:if, 3, 15, 4, 20, 7]": {
            "[:then, 4, 16, 6, 17, 84]": 2,
            "[:else, 5, 19, 6, 19, 86]": 0
          },
          "[:\"&.\", 6, 24, 11, 24, 50]": {
            "[:then, 7, 24, 11, 24, 50]": 1,
            "[:else, 8, 24, 11, 24, 50]": 1
          },
          "[:\"&.\", 9, 24, 11, 24, 76]": {
            "[:then, 10, 24, 11, 24, 76]": 1,
            "[:else, 11, 24, 11, 24, 76]": 1
          },
          "[:if, 12, 25, 4, 36, 7]": {
            "[:then, 13, 26, 6, 33, 9]": 1,
            "[:else, 14, 35, 6, 35, 79]": 1
          },
          "[:if, 15, 27, 6, 33, 9]": {
            "[:then, 16, 29, 8, 30, 106]": 1,
            "[:else, 17, 32, 8, 32, 88]": 0
          },
          "[:unless, 18, 43, 4, 45, 7]": {
            "[:else, 19, 43, 4, 45, 7]": 1,
            "[:then, 20, 44, 6, 44, 99]": 1
          },
          "[:if, 21, 48, 4, 53, 7]": {
            "[:then, 22, 49, 6, 50, 93]": 1,
            "[:else, 23, 52, 6, 52, 92]": 0
          },
          "[:if, 24, 59, 4, 59, 33]": {
            "[:then, 25, 59, 4, 59, 14]": 2,
            "[:else, 26, 59, 4, 59, 33]": 3
          },
          "[:if, 27, 63, 4, 63, 25]": {
            "[:then, 28, 63, 4, 63, 16]": 1,
            "[:else, 29, 63, 4, 63, 25]": 2
          },
          "[:if, 30, 67, 4, 67, 25]": {
            "[:then, 31, 67, 4, 67, 16]": 0,
            "[:else, 32, 67, 4, 67, 25]": 2
          },
          "[:unless, 33, 71, 4, 71, 26]": {
            "[:else, 34, 71, 4, 71, 26]": 2,
            "[:then, 35, 71, 4, 71, 14]": 0
          }
        }
      },
      "/home/fallacy/tamu/software_engineering/CSCE606_Fall2025_Project3_Group6/app/controllers/watchlists_controller.rb": {
        "lines": [
          0,
          0,
          null,
          0,
          0,
          0,
          0,
          0
        ],
        "branches": {}
      },
      "/home/fallacy/tamu/software_engineering/CSCE606_Fall2025_Project3_Group6/app/jobs/application_job.rb": {
        "lines": [
          0,
          null,
          null,
          null,
          null,
          null,
          0
        ],
        "branches": {}
      }
    },
    "timestamp": 1764227474
  }
}
